<?xml version="1.0" encoding="UTF-8"?>
<!-- Generated by org.testng.reporters.JUnitReportReporter -->
<testsuite skipped="0" hostname="DESKTOP-O7MC7NI" name="testCases.TC001" tests="1" failures="0" timestamp="25 Oct 2018 21:45:14 GMT" time="1.908" errors="0">
  <testcase name="TC001" time="1.908" classname="testCases.TC001"/>
</testsuite> <!-- testCases.TC001 -->
